The system is: Windows - 10.0.22631 - AMD64
Compiling the C compiler identification source file "CMakeCCompilerId.c" succeeded.
Compiler: C:/Program Files (x86)/Microsoft Visual Studio/2019/BuildTools/VC/Tools/MSVC/14.29.30133/bin/Hostx86/x64/cl.exe 
Build flags: 
Id flags:  

The output was:
0
Microsoft (R) C/C++ 최적화 컴파일러 버전 19.29.30154(x64)
Copyright (c) Microsoft Corporation. All rights reserved.

CMakeCCompilerId.c
Microsoft (R) Incremental Linker Version 14.29.30154.0
Copyright (C) Microsoft Corporation.  All rights reserved.

/out:CMakeCCompilerId.exe 
CMakeCCompilerId.obj 


Compilation of the C compiler identification source "CMakeCCompilerId.c" produced "CMakeCCompilerId.exe"

Compilation of the C compiler identification source "CMakeCCompilerId.c" produced "CMakeCCompilerId.obj"

The C compiler identification is MSVC, found in "C:/Users/JaeYeong Ko/Desktop/Mong_the_spire/SW/mong_proto/src/build/elf2uf2/CMakeFiles/3.20.6/CompilerIdC/CMakeCCompilerId.exe"

Compiling the CXX compiler identification source file "CMakeCXXCompilerId.cpp" succeeded.
Compiler: C:/Program Files (x86)/Microsoft Visual Studio/2019/BuildTools/VC/Tools/MSVC/14.29.30133/bin/Hostx86/x64/cl.exe 
Build flags: 
Id flags:  

The output was:
0
Microsoft (R) C/C++ 최적화 컴파일러 버전 19.29.30154(x64)
Copyright (c) Microsoft Corporation. All rights reserved.

CMakeCXXCompilerId.cpp
Microsoft (R) Incremental Linker Version 14.29.30154.0
Copyright (C) Microsoft Corporation.  All rights reserved.

/out:CMakeCXXCompilerId.exe 
CMakeCXXCompilerId.obj 


Compilation of the CXX compiler identification source "CMakeCXXCompilerId.cpp" produced "CMakeCXXCompilerId.exe"

Compilation of the CXX compiler identification source "CMakeCXXCompilerId.cpp" produced "CMakeCXXCompilerId.obj"

The CXX compiler identification is MSVC, found in "C:/Users/JaeYeong Ko/Desktop/Mong_the_spire/SW/mong_proto/src/build/elf2uf2/CMakeFiles/3.20.6/CompilerIdCXX/CMakeCXXCompilerId.exe"

Detecting C compiler ABI info compiled with the following output:
Change Dir: C:/Users/JaeYeong Ko/Desktop/Mong_the_spire/SW/mong_proto/src/build/elf2uf2/CMakeFiles/CMakeTmp

Run Build Command(s):nmake -f Makefile /nologo cmTC_d2ab2\fast && 	"C:\Program Files (x86)\Microsoft Visual Studio\2019\BuildTools\VC\Tools\MSVC\14.29.30133\bin\HostX86\x64\nmake.exe"  -f CMakeFiles\cmTC_d2ab2.dir\build.make /nologo -L                  CMakeFiles\cmTC_d2ab2.dir\build
Building C object CMakeFiles/cmTC_d2ab2.dir/CMakeCCompilerABI.c.obj
	"C:\Program Files\CMake\bin\cmake.exe" -E cmake_cl_compile_depends --dep-file=CMakeFiles\cmTC_d2ab2.dir\CMakeCCompilerABI.c.obj.d --working-dir="C:\Users\JaeYeong Ko\Desktop\Mong_the_spire\SW\mong_proto\src\build\elf2uf2\CMakeFiles\CMakeTmp" --filter-prefix="참고: 포함 파일: " -- C:\PROGRA~2\MICROS~2\2019\BUILDT~1\VC\Tools\MSVC\1429~1.301\bin\Hostx86\x64\cl.exe @C:\Users\JAEYEO~1\AppData\Local\Temp\nm4DA9.tmp
CMakeCCompilerABI.c
??? ?ы븿 ?뚯씪: C:\Program Files\CMake\share\cmake-3.20\Modules\CMakeCompilerABI.h
Linking C executable cmTC_d2ab2.exe
	"C:\Program Files\CMake\bin\cmake.exe" -E vs_link_exe --intdir=CMakeFiles\cmTC_d2ab2.dir --rc=C:\PROGRA~2\WI3CF2~1\10\bin\100226~1.0\x86\rc.exe --mt=C:\PROGRA~2\WI3CF2~1\10\bin\100226~1.0\x86\mt.exe --manifests -- C:\PROGRA~2\MICROS~2\2019\BUILDT~1\VC\Tools\MSVC\1429~1.301\bin\Hostx86\x64\link.exe /nologo @CMakeFiles\cmTC_d2ab2.dir\objects1.rsp @C:\Users\JAEYEO~1\AppData\Local\Temp\nm4E18.tmp



Detecting CXX compiler ABI info compiled with the following output:
Change Dir: C:/Users/JaeYeong Ko/Desktop/Mong_the_spire/SW/mong_proto/src/build/elf2uf2/CMakeFiles/CMakeTmp

Run Build Command(s):nmake -f Makefile /nologo cmTC_8b0d0\fast && 	"C:\Program Files (x86)\Microsoft Visual Studio\2019\BuildTools\VC\Tools\MSVC\14.29.30133\bin\HostX86\x64\nmake.exe"  -f CMakeFiles\cmTC_8b0d0.dir\build.make /nologo -L                  CMakeFiles\cmTC_8b0d0.dir\build
Building CXX object CMakeFiles/cmTC_8b0d0.dir/CMakeCXXCompilerABI.cpp.obj
	"C:\Program Files\CMake\bin\cmake.exe" -E cmake_cl_compile_depends --dep-file=CMakeFiles\cmTC_8b0d0.dir\CMakeCXXCompilerABI.cpp.obj.d --working-dir="C:\Users\JaeYeong Ko\Desktop\Mong_the_spire\SW\mong_proto\src\build\elf2uf2\CMakeFiles\CMakeTmp" --filter-prefix="참고: 포함 파일: " -- C:\PROGRA~2\MICROS~2\2019\BUILDT~1\VC\Tools\MSVC\1429~1.301\bin\Hostx86\x64\cl.exe @C:\Users\JAEYEO~1\AppData\Local\Temp\nm5049.tmp
CMakeCXXCompilerABI.cpp
??? ?ы븿 ?뚯씪: C:\Program Files\CMake\share\cmake-3.20\Modules\CMakeCompilerABI.h
Linking CXX executable cmTC_8b0d0.exe
	"C:\Program Files\CMake\bin\cmake.exe" -E vs_link_exe --intdir=CMakeFiles\cmTC_8b0d0.dir --rc=C:\PROGRA~2\WI3CF2~1\10\bin\100226~1.0\x86\rc.exe --mt=C:\PROGRA~2\WI3CF2~1\10\bin\100226~1.0\x86\mt.exe --manifests -- C:\PROGRA~2\MICROS~2\2019\BUILDT~1\VC\Tools\MSVC\1429~1.301\bin\Hostx86\x64\link.exe /nologo @CMakeFiles\cmTC_8b0d0.dir\objects1.rsp @C:\Users\JAEYEO~1\AppData\Local\Temp\nm50C7.tmp



