The system is: Windows - 10.0.22631 - AMD64
Compiling the CXX compiler identification source file "CMakeCXXCompilerId.cpp" succeeded.
Compiler: C:/Program Files (x86)/Microsoft Visual Studio/2019/BuildTools/VC/Tools/MSVC/14.29.30133/bin/Hostx86/x64/cl.exe 
Build flags: 
Id flags:  

The output was:
0
Microsoft (R) C/C++ 최적화 컴파일러 버전 19.29.30154(x64)
Copyright (c) Microsoft Corporation. All rights reserved.

CMakeCXXCompilerId.cpp
Microsoft (R) Incremental Linker Version 14.29.30154.0
Copyright (C) Microsoft Corporation.  All rights reserved.

/out:CMakeCXXCompilerId.exe 
CMakeCXXCompilerId.obj 


Compilation of the CXX compiler identification source "CMakeCXXCompilerId.cpp" produced "CMakeCXXCompilerId.exe"

Compilation of the CXX compiler identification source "CMakeCXXCompilerId.cpp" produced "CMakeCXXCompilerId.obj"

The CXX compiler identification is MSVC, found in "C:/Users/JaeYeong Ko/Desktop/Mong_the_spire/SW/mong_proto/src/build/pioasm/CMakeFiles/3.20.6/CompilerIdCXX/CMakeCXXCompilerId.exe"

Detecting CXX compiler ABI info compiled with the following output:
Change Dir: C:/Users/JaeYeong Ko/Desktop/Mong_the_spire/SW/mong_proto/src/build/pioasm/CMakeFiles/CMakeTmp

Run Build Command(s):nmake -f Makefile /nologo cmTC_5bb7c\fast && 	"C:\Program Files (x86)\Microsoft Visual Studio\2019\BuildTools\VC\Tools\MSVC\14.29.30133\bin\HostX86\x64\nmake.exe"  -f CMakeFiles\cmTC_5bb7c.dir\build.make /nologo -L                  CMakeFiles\cmTC_5bb7c.dir\build
Building CXX object CMakeFiles/cmTC_5bb7c.dir/CMakeCXXCompilerABI.cpp.obj
	"C:\Program Files\CMake\bin\cmake.exe" -E cmake_cl_compile_depends --dep-file=CMakeFiles\cmTC_5bb7c.dir\CMakeCXXCompilerABI.cpp.obj.d --working-dir="C:\Users\JaeYeong Ko\Desktop\Mong_the_spire\SW\mong_proto\src\build\pioasm\CMakeFiles\CMakeTmp" --filter-prefix="참고: 포함 파일: " -- C:\PROGRA~2\MICROS~2\2019\BUILDT~1\VC\Tools\MSVC\1429~1.301\bin\Hostx86\x64\cl.exe @C:\Users\JAEYEO~1\AppData\Local\Temp\nmAA9E.tmp
CMakeCXXCompilerABI.cpp
??? ?ы븿 ?뚯씪: C:\Program Files\CMake\share\cmake-3.20\Modules\CMakeCompilerABI.h
Linking CXX executable cmTC_5bb7c.exe
	"C:\Program Files\CMake\bin\cmake.exe" -E vs_link_exe --intdir=CMakeFiles\cmTC_5bb7c.dir --rc=C:\PROGRA~2\WI3CF2~1\10\bin\100226~1.0\x86\rc.exe --mt=C:\PROGRA~2\WI3CF2~1\10\bin\100226~1.0\x86\mt.exe --manifests -- C:\PROGRA~2\MICROS~2\2019\BUILDT~1\VC\Tools\MSVC\1429~1.301\bin\Hostx86\x64\link.exe /nologo @CMakeFiles\cmTC_5bb7c.dir\objects1.rsp @C:\Users\JAEYEO~1\AppData\Local\Temp\nmAB0D.tmp



